<?xml version="1.0" encoding="UTF-8"?>
<!-- Generated by org.testng.reporters.JUnitReportReporter -->
<testsuite skipped="0" hostname="DESKTOP-CTRJ7QU" name="Practice.LoginAndLogoutVtiger" tests="1" failures="0" timestamp="2022-03-23T12:44:25 IST" time="8.369" errors="0">
  <testcase name="getParameterDuringRunTime" time="8.369" classname="Practice.LoginAndLogoutVtiger"/>
  <system-out/>
</testsuite> <!-- Practice.LoginAndLogoutVtiger -->
